<?xml version="1.0" encoding="UTF-8" ?>
<testsuites errors="0"
            failures="1"
            tests="1">

  <testsuite name="reseachOnGoogle.test"
    errors="0" failures="1" hostname="" id="" package="reseachOnGoogle.test" skipped="0"
    tests="1" time="3.531" timestamp="">
  
    <testcase name="Search on google" classname="reseachOnGoogle.test" time="3.531" assertions="2">

      <failure message="Timed out while waiting for element &lt;//a[@href=&#34;/editeur&#34;]&gt; to be present for 1000 milliseconds. - expected [0;32m&#34;visible&#34;[0m but got: [0;31m&#34;not found&#34;[0m">    at Object.Search on google (/Users/tonyparker/Documents/github/karfur/client/nw/tests/reseachOnGoogle.test.js:7:12)
    at &lt;anonymous&gt;
    at process._tickCallback (internal/process/next_tick.js:189:7)</failure>
<system-out>[[ATTACHMENT|/Users/tonyparker/Documents/github/karfur/client/nw/screens/reseachOnGoogle.test/Search-on-google_FAILED_Mar-25-2019-144744-GMT+0100.png]]</system-out>
    <failure message="    at Object.Search on google (/Users/tonyparker/Documents/github/karfur/client/nw/tests/reseachOnGoogle.test.js:7:12)">    at &lt;anonymous&gt;
    at process._tickCallback (internal/process/next_tick.js:189:7)</failure>
    </testcase>
  

  

  
  </testsuite>
</testsuites>
