<?xml version="1.0" encoding="UTF-8" ?>
<testsuites errors="0"
            failures="1"
            tests="1">

  <testsuite name="traduction.test"
    errors="0" failures="1" hostname="" id="" package="traduction.test" skipped="0"
    tests="1" time="7.389" timestamp="">
  
    <testcase name="traduction" classname="traduction.test" time="7.389" assertions="8">

    

    

    

    

    

    

      <failure message="Timed out while waiting for element &lt;//div[@class=&#39;react-joyride__overlay&#39;]&gt; to be present for 1000 milliseconds. - expected [0;32m&#34;visible&#34;[0m but got: [0;31m&#34;not found&#34;[0m">    at Object.traduction (/Users/tonyparker/Documents/github/karfur/client/nw/tests/traduction.test.js:27:8)
    at &lt;anonymous&gt;
    at process._tickCallback (internal/process/next_tick.js:189:7)</failure>

    <failure message="    at Object.traduction (/Users/tonyparker/Documents/github/karfur/client/nw/tests/traduction.test.js:27:8)">    at &lt;anonymous&gt;
    at process._tickCallback (internal/process/next_tick.js:189:7)</failure>
    </testcase>
  

  

  
  </testsuite>
</testsuites>
